android/app/build/intermediates/manifest_merge_blame_file/debug/manifest-merger-blame-debug-report.txt
1<?xml version="1.0" encoding="utf-8"?>
2<manifest xmlns:android="http://schemas.android.com/apk/res/android"
3    package="com.tomo.financialbuddy"
4    android:versionCode="1"
5    android:versionName="1.0" >
6
7    <uses-sdk
8        android:minSdkVersion="24"
9        android:targetSdkVersion="34" />
10
11    <uses-permission android:name="android.permission.INTERNET" />
11-->src\main\AndroidManifest.xml:4:5-67
11-->src\main\AndroidManifest.xml:4:22-64
12    <uses-permission android:name="android.permission.ACCESS_NETWORK_STATE" />
12-->src\main\AndroidManifest.xml:5:5-79
12-->src\main\AndroidManifest.xml:5:22-76
13
14    <permission
14-->[androidx.core:core:1.12.0] AndroidManifest.xml:22:5-24:47
15        android:name="com.tomo.financialbuddy.DYNAMIC_RECEIVER_NOT_EXPORTED_PERMISSION"
15-->[androidx.core:core:1.12.0] AndroidManifest.xml:23:9-81
16        android:protectionLevel="signature" />
16-->[androidx.core:core:1.12.0] AndroidManifest.xml:24:9-44
17
18    <uses-permission android:name="com.tomo.financialbuddy.DYNAMIC_RECEIVER_NOT_EXPORTED_PERMISSION" />
18-->[androidx.core:core:1.12.0] AndroidManifest.xml:26:5-97
18-->[androidx.core:core:1.12.0] AndroidManifest.xml:26:22-94
19
20    <application
20-->src\main\AndroidManifest.xml:7:5-24:19
21        android:allowBackup="true"
21-->src\main\AndroidManifest.xml:8:9-35
22        android:appComponentFactory="androidx.core.app.CoreComponentFactory"
22-->[androidx.core:core:1.12.0] AndroidManifest.xml:28:18-86
23        android:debuggable="true"
24        android:extractNativeLibs="false"
25        android:icon="@mipmap/ic_launcher"
25-->src\main\AndroidManifest.xml:9:9-43
26        android:label="@string/app_name"
26-->src\main\AndroidManifest.xml:10:9-41
27        android:supportsRtl="true"
27-->src\main\AndroidManifest.xml:11:9-35
28        android:testOnly="true"
29        android:theme="@style/Theme.TOMO"
29-->src\main\AndroidManifest.xml:12:9-42
30        android:usesCleartextTraffic="false" >
30-->src\main\AndroidManifest.xml:13:9-45
31        <activity
31-->src\main\AndroidManifest.xml:14:9-23:20
32            android:name="com.tomo.financialbuddy.MainActivity"
32-->src\main\AndroidManifest.xml:15:13-41
33            android:configChanges="orientation|screenSize|keyboardHidden"
33-->src\main\AndroidManifest.xml:17:13-74
34            android:exported="true"
34-->src\main\AndroidManifest.xml:16:13-36
35            android:launchMode="singleTop" >
35-->src\main\AndroidManifest.xml:18:13-43
36            <intent-filter>
36-->src\main\AndroidManifest.xml:19:13-22:29
37                <action android:name="android.intent.action.MAIN" />
37-->src\main\AndroidManifest.xml:20:17-69
37-->src\main\AndroidManifest.xml:20:25-66
38
39                <category android:name="android.intent.category.LAUNCHER" />
39-->src\main\AndroidManifest.xml:21:17-77
39-->src\main\AndroidManifest.xml:21:27-74
40            </intent-filter>
41        </activity>
42
43        <provider
43-->[androidx.emoji2:emoji2:1.2.0] AndroidManifest.xml:24:9-32:20
44            android:name="androidx.startup.InitializationProvider"
44-->[androidx.emoji2:emoji2:1.2.0] AndroidManifest.xml:25:13-67
45            android:authorities="com.tomo.financialbuddy.androidx-startup"
45-->[androidx.emoji2:emoji2:1.2.0] AndroidManifest.xml:26:13-68
46            android:exported="false" >
46-->[androidx.emoji2:emoji2:1.2.0] AndroidManifest.xml:27:13-37
47            <meta-data
47-->[androidx.emoji2:emoji2:1.2.0] AndroidManifest.xml:29:13-31:52
48                android:name="androidx.emoji2.text.EmojiCompatInitializer"
48-->[androidx.emoji2:emoji2:1.2.0] AndroidManifest.xml:30:17-75
49                android:value="androidx.startup" />
49-->[androidx.emoji2:emoji2:1.2.0] AndroidManifest.xml:31:17-49
50            <meta-data
50-->[androidx.lifecycle:lifecycle-process:2.4.1] AndroidManifest.xml:31:13-33:52
51                android:name="androidx.lifecycle.ProcessLifecycleInitializer"
51-->[androidx.lifecycle:lifecycle-process:2.4.1] AndroidManifest.xml:32:17-78
52                android:value="androidx.startup" />
52-->[androidx.lifecycle:lifecycle-process:2.4.1] AndroidManifest.xml:33:17-49
53        </provider>
54    </application>
55
56</manifest>